Using pre-set license
Built from '2021.3/staging' branch; Version is '2021.3.18f1 (3129e69bc0c7) revision 3221990'; Using compiler version '192829333'; Build Type 'Release'
OS: 'Windows 11  (10.0.22621) 64bit Core' Language: 'en' Physical Memory: 32095 MB
BatchMode: 1, IsHumanControllingUs: 0, StartBugReporterOnCrash: 0, Is64bit: 1, IsPro: 1

COMMAND LINE ARGUMENTS:
C:\Program Files\Unity\Hub\Editor\2021.3.18f1\Editor\Unity.exe
-adb2
-batchMode
-noUpm
-name
AssetImportWorker3
-projectPath
C:/Users/jwjan/OneDrive/Desktop/Unity/CMST/CMST Pull Remote/CMST-Project-Game
-logFile
Logs/AssetImportWorker3.log
-srvPort
65366
Successfully changed project path to: C:/Users/jwjan/OneDrive/Desktop/Unity/CMST/CMST Pull Remote/CMST-Project-Game
C:/Users/jwjan/OneDrive/Desktop/Unity/CMST/CMST Pull Remote/CMST-Project-Game
[UnityMemory] Configuration Parameters - Can be set up in boot.config
    "memorysetup-bucket-allocator-granularity=16"
    "memorysetup-bucket-allocator-bucket-count=8"
    "memorysetup-bucket-allocator-block-size=33554432"
    "memorysetup-bucket-allocator-block-count=8"
    "memorysetup-main-allocator-block-size=16777216"
    "memorysetup-thread-allocator-block-size=16777216"
    "memorysetup-gfx-main-allocator-block-size=16777216"
    "memorysetup-gfx-thread-allocator-block-size=16777216"
    "memorysetup-cache-allocator-block-size=4194304"
    "memorysetup-typetree-allocator-block-size=2097152"
    "memorysetup-profiler-bucket-allocator-granularity=16"
    "memorysetup-profiler-bucket-allocator-bucket-count=8"
    "memorysetup-profiler-bucket-allocator-block-size=33554432"
    "memorysetup-profiler-bucket-allocator-block-count=8"
    "memorysetup-profiler-allocator-block-size=16777216"
    "memorysetup-profiler-editor-allocator-block-size=1048576"
    "memorysetup-temp-allocator-size-main=16777216"
    "memorysetup-job-temp-allocator-block-size=2097152"
    "memorysetup-job-temp-allocator-block-size-background=1048576"
    "memorysetup-job-temp-allocator-reduction-small-platforms=262144"
    "memorysetup-temp-allocator-size-background-worker=32768"
    "memorysetup-temp-allocator-size-job-worker=262144"
    "memorysetup-temp-allocator-size-preload-manager=33554432"
    "memorysetup-temp-allocator-size-nav-mesh-worker=65536"
    "memorysetup-temp-allocator-size-audio-worker=65536"
    "memorysetup-temp-allocator-size-cloud-worker=32768"
    "memorysetup-temp-allocator-size-gi-baking-worker=262144"
    "memorysetup-temp-allocator-size-gfx=262144"
Player connection [9012] Host "[IP] 172.16.0.226 [Port] 0 [Flags] 2 [Guid] 2800144086 [EditorId] 2800144086 [Version] 1048832 [Id] WindowsEditor(7,jwjang) [Debug] 1 [PackageName] WindowsEditor [ProjectName] Editor" joined multi-casting on [225.0.0.222:54997]...

Player connection [9012] Host "[IP] 172.16.0.226 [Port] 0 [Flags] 2 [Guid] 2800144086 [EditorId] 2800144086 [Version] 1048832 [Id] WindowsEditor(7,jwjang) [Debug] 1 [PackageName] WindowsEditor [ProjectName] Editor" joined alternative multi-casting on [225.0.0.222:34997]...

Refreshing native plugins compatible for Editor in 113.78 ms, found 3 plugins.
Preloading 0 native plugins for Editor in 0.00 ms.
Initialize engine version: 2021.3.18f1 (3129e69bc0c7)
[Subsystems] Discovering subsystems at path C:/Program Files/Unity/Hub/Editor/2021.3.18f1/Editor/Data/Resources/UnitySubsystems
[Subsystems] Discovering subsystems at path C:/Users/jwjan/OneDrive/Desktop/Unity/CMST/CMST Pull Remote/CMST-Project-Game/Assets
GfxDevice: creating device client; threaded=0; jobified=0
Direct3D:
    Version:  Direct3D 11.0 [level 11.1]
    Renderer: NVIDIA GeForce RTX 3050 Ti Laptop GPU (ID=0x25a0)
    Vendor:   NVIDIA
    VRAM:     3990 MB
    Driver:   30.0.15.1278
Initialize mono
Mono path[0] = 'C:/Program Files/Unity/Hub/Editor/2021.3.18f1/Editor/Data/Managed'
Mono path[1] = 'C:/Program Files/Unity/Hub/Editor/2021.3.18f1/Editor/Data/MonoBleedingEdge/lib/mono/unityjit-win32'
Mono config path = 'C:/Program Files/Unity/Hub/Editor/2021.3.18f1/Editor/Data/MonoBleedingEdge/etc'
Using monoOptions --debugger-agent=transport=dt_socket,embedding=1,server=y,suspend=n,address=127.0.0.1:56480
Begin MonoManager ReloadAssembly
Registering precompiled unity dll's ...
Register platform support module: C:/Program Files/Unity/Hub/Editor/2021.3.18f1/Editor/Data/PlaybackEngines/WebGLSupport/UnityEditor.WebGL.Extensions.dll
Register platform support module: C:/Program Files/Unity/Hub/Editor/2021.3.18f1/Editor/Data/PlaybackEngines/WindowsStandaloneSupport/UnityEditor.WindowsStandalone.Extensions.dll
Registered in 0.004364 seconds.
Native extension for WindowsStandalone target not found
Native extension for WebGL target not found
Refreshing native plugins compatible for Editor in 135.92 ms, found 3 plugins.
Preloading 0 native plugins for Editor in 0.00 ms.
Mono: successfully reloaded assembly
- Completed reload, in  0.721 seconds
Domain Reload Profiling:
	ReloadAssembly (722ms)
		BeginReloadAssembly (75ms)
			ExecutionOrderSort (0ms)
			DisableScriptedObjects (0ms)
			BackupInstance (0ms)
			ReleaseScriptingObjects (0ms)
			CreateAndSetChildDomain (1ms)
		EndReloadAssembly (536ms)
			LoadAssemblies (72ms)
			RebuildTransferFunctionScriptingTraits (0ms)
			SetupTypeCache (98ms)
			ReleaseScriptCaches (0ms)
			RebuildScriptCaches (27ms)
			SetupLoadedEditorAssemblies (360ms)
				LogAssemblyErrors (0ms)
				InitializePlatformSupportModulesInManaged (8ms)
				SetLoadedEditorAssemblies (0ms)
				RefreshPlugins (136ms)
				BeforeProcessingInitializeOnLoad (1ms)
				ProcessInitializeOnLoadAttributes (156ms)
				ProcessInitializeOnLoadMethodAttributes (58ms)
				AfterProcessingInitializeOnLoad (0ms)
				EditorAssembliesLoaded (0ms)
			ExecutionOrderSort2 (0ms)
			AwakeInstancesAfterBackupRestoration (0ms)
Platform modules already initialized, skipping
Registering precompiled user dll's ...
Registered in 0.007903 seconds.
Begin MonoManager ReloadAssembly
Symbol file LoadedFromMemory doesn't match image C:\Users\jwjan\OneDrive\Desktop\Unity\CMST\CMST Pull Remote\CMST-Project-Game\Library\PackageCache\com.unity.visualscripting@1.8.0\Editor\VisualScripting.Core\Dependencies\YamlDotNet\Unity.VisualScripting.YamlDotNet.dll
Symbol file LoadedFromMemory doesn't match image C:\Users\jwjan\OneDrive\Desktop\Unity\CMST\CMST Pull Remote\CMST-Project-Game\Library\PackageCache\com.unity.visualscripting@1.8.0\Editor\VisualScripting.Core\Dependencies\DotNetZip\Unity.VisualScripting.IonicZip.dll
Native extension for WindowsStandalone target not found
Native extension for WebGL target not found
Refreshing native plugins compatible for Editor in 1.02 ms, found 3 plugins.
Preloading 0 native plugins for Editor in 0.00 ms.
Mono: successfully reloaded assembly
- Completed reload, in  1.303 seconds
Domain Reload Profiling:
	ReloadAssembly (1304ms)
		BeginReloadAssembly (133ms)
			ExecutionOrderSort (0ms)
			DisableScriptedObjects (9ms)
			BackupInstance (0ms)
			ReleaseScriptingObjects (0ms)
			CreateAndSetChildDomain (23ms)
		EndReloadAssembly (1009ms)
			LoadAssemblies (96ms)
			RebuildTransferFunctionScriptingTraits (0ms)
			SetupTypeCache (360ms)
			ReleaseScriptCaches (1ms)
			RebuildScriptCaches (72ms)
			SetupLoadedEditorAssemblies (440ms)
				LogAssemblyErrors (0ms)
				InitializePlatformSupportModulesInManaged (9ms)
				SetLoadedEditorAssemblies (1ms)
				RefreshPlugins (1ms)
				BeforeProcessingInitializeOnLoad (123ms)
				ProcessInitializeOnLoadAttributes (278ms)
				ProcessInitializeOnLoadMethodAttributes (22ms)
				AfterProcessingInitializeOnLoad (6ms)
				EditorAssembliesLoaded (0ms)
			ExecutionOrderSort2 (0ms)
			AwakeInstancesAfterBackupRestoration (6ms)
Platform modules already initialized, skipping
========================================================================
Worker process is ready to serve import requests
Launched and connected shader compiler UnityShaderCompiler.exe after 0.06 seconds
Refreshing native plugins compatible for Editor in 1.12 ms, found 3 plugins.
Preloading 0 native plugins for Editor in 0.00 ms.
Unloading 3447 Unused Serialized files (Serialized files now loaded: 0)
Unloading 25 unused Assets / (173.0 KB). Loaded Objects now: 3912.
Memory consumption went from 125.0 MB to 124.8 MB.
Total: 5.639100 ms (FindLiveObjects: 0.517200 ms CreateObjectMapping: 0.157000 ms MarkObjects: 4.791000 ms  DeleteObjects: 0.172100 ms)

AssetImportParameters requested are different than current active one (requested -> active):
  custom:video-decoder-ogg-theora: a1e56fd34408186e4bbccfd4996cb3dc -> 
  custom:container-muxer-webm: aa71ff27fc2769a1b78a27578f13a17b -> 
  custom:container-demuxer-webm: 4f35f7cbe854078d1ac9338744f61a02 -> 
  custom:video-encoder-webm-vp8: eb34c28f22e8b96e1ab97ce403110664 -> 
  custom:video-codec-MediaFoundation-h265: 746d11721c4dcdbdad8f713fa42b33f4 -> 
  custom:audio-encoder-webm-vorbis: bf7c407c2cedff20999df2af8eb42d56 -> 
  custom:framework-win-MediaFoundation: 216162199b28c13a410421893ffa2e32 -> 
  custom:container-demuxer-ogg: 62fdf1f143b41e24485cea50d1cbac27 -> 
  custom:video-decoder-webm-vp8: 9c59270c3fd7afecdb556c50c9e8de78 -> 
  custom:audio-decoder-ogg-vorbis: bf7c407c2cedff20999df2af8eb42d56 -> 
========================================================================
Received Import Request.
  Time since last request: 39021.019275 seconds.
  path: Assets/spaceship_sprites/animations
  artifactKey: Guid(1ef61e1ff3ad09045ac8cb5bb2c3fe59) Importer(2089858483,0ecaa5967403d082aa24f35e1b516d23)
Start importing Assets/spaceship_sprites/animations using Guid(1ef61e1ff3ad09045ac8cb5bb2c3fe59) Importer(2089858483,0ecaa5967403d082aa24f35e1b516d23) Generated GUIDs only implemented for interfaces!
 -> (artifact id: 'aaae7ee87b4b51784fbb8804c664ad9d') in 0.127701 seconds 
========================================================================
Received Import Request.
  Time since last request: 0.000072 seconds.
  path: Assets/spaceship_sprites/spaceship_sceneSettings.lighting
  artifactKey: Guid(2af44feb9fe5c254f975520caf4bd601) Importer(2089858483,0ecaa5967403d082aa24f35e1b516d23)
Start importing Assets/spaceship_sprites/spaceship_sceneSettings.lighting using Guid(2af44feb9fe5c254f975520caf4bd601) Importer(2089858483,0ecaa5967403d082aa24f35e1b516d23) LightingSettings: switching bake backend from 1 to 0.
Generated GUIDs only implemented for interfaces!
 -> (artifact id: '371b412d627675f9895286fbb93c08ea') in 0.112437 seconds 
========================================================================
Received Import Request.
  Time since last request: 0.000031 seconds.
  path: Assets/spaceship_sprites/animations/spaceship2.anim
  artifactKey: Guid(e0b9e69a02037594d93aa7510ab0614a) Importer(2089858483,0ecaa5967403d082aa24f35e1b516d23)
Start importing Assets/spaceship_sprites/animations/spaceship2.anim using Guid(e0b9e69a02037594d93aa7510ab0614a) Importer(2089858483,0ecaa5967403d082aa24f35e1b516d23) Generated GUIDs only implemented for interfaces!
 -> (artifact id: 'f9c7a4f59d506e3e7853fadc26674cd0') in 0.031194 seconds 
========================================================================
Received Import Request.
  Time since last request: 0.000036 seconds.
  path: Assets/2D Pixel Spaceships (2 Small Ships + Explosions)/Sprites/frame.png
  artifactKey: Guid(4042aa6c69861a148a1f1f90c8435b85) Importer(2089858483,0ecaa5967403d082aa24f35e1b516d23)
Start importing Assets/2D Pixel Spaceships (2 Small Ships + Explosions)/Sprites/frame.png using Guid(4042aa6c69861a148a1f1f90c8435b85) Importer(2089858483,0ecaa5967403d082aa24f35e1b516d23) Generated GUIDs only implemented for interfaces!
 -> (artifact id: '45f3589392c750e9ff378ff88743ccda') in 0.064526 seconds 
========================================================================
Received Import Request.
  Time since last request: 0.000028 seconds.
  path: Assets/2D Pixel Spaceships (2 Small Ships + Explosions)/Scripts/SceneController.cs
  artifactKey: Guid(abae1578ec0a958499b4f4a09a753ae2) Importer(2089858483,0ecaa5967403d082aa24f35e1b516d23)
Start importing Assets/2D Pixel Spaceships (2 Small Ships + Explosions)/Scripts/SceneController.cs using Guid(abae1578ec0a958499b4f4a09a753ae2) Importer(2089858483,0ecaa5967403d082aa24f35e1b516d23) Generated GUIDs only implemented for interfaces!
 -> (artifact id: '54581508e3a19d4c805bdadb2138c63c') in 0.012802 seconds 
========================================================================
Received Import Request.
  Time since last request: 0.000020 seconds.
  path: Assets/2D Pixel Spaceships (2 Small Ships + Explosions)/Scripts/FrameController.cs
  artifactKey: Guid(b30392b6535fe424f95f4701ac344622) Importer(2089858483,0ecaa5967403d082aa24f35e1b516d23)
Start importing Assets/2D Pixel Spaceships (2 Small Ships + Explosions)/Scripts/FrameController.cs using Guid(b30392b6535fe424f95f4701ac344622) Importer(2089858483,0ecaa5967403d082aa24f35e1b516d23) Generated GUIDs only implemented for interfaces!
 -> (artifact id: '03272c6ed973f8f13c0486beb96501fb') in 0.011343 seconds 
========================================================================
Received Import Request.
  Time since last request: 0.000032 seconds.
  path: Assets/2D Pixel Spaceships (2 Small Ships + Explosions)/Scenes/Demo.unity
  artifactKey: Guid(4165f0023c3e8d34a912d9fc9a40a375) Importer(2089858483,0ecaa5967403d082aa24f35e1b516d23)
Start importing Assets/2D Pixel Spaceships (2 Small Ships + Explosions)/Scenes/Demo.unity using Guid(4165f0023c3e8d34a912d9fc9a40a375) Importer(2089858483,0ecaa5967403d082aa24f35e1b516d23) Generated GUIDs only implemented for interfaces!
 -> (artifact id: '2df38e59d2443f736a21e6d03da31713') in 0.010052 seconds 
========================================================================
Received Import Request.
  Time since last request: 0.000023 seconds.
  path: Assets/spaceship_sprites/animations/spaceship_2.controller
  artifactKey: Guid(689ad4ef133526b4db5115d8b3eccc69) Importer(2089858483,0ecaa5967403d082aa24f35e1b516d23)
Start importing Assets/spaceship_sprites/animations/spaceship_2.controller using Guid(689ad4ef133526b4db5115d8b3eccc69) Importer(2089858483,0ecaa5967403d082aa24f35e1b516d23) Generated GUIDs only implemented for interfaces!
 -> (artifact id: '222e4bd23a908e998153560fa675846a') in 0.011753 seconds 
========================================================================
Received Import Request.
  Time since last request: 0.000024 seconds.
  path: Assets/spaceship_sprites
  artifactKey: Guid(b91508e3466dccb4e9baa63bf02b3e32) Importer(2089858483,0ecaa5967403d082aa24f35e1b516d23)
Start importing Assets/spaceship_sprites using Guid(b91508e3466dccb4e9baa63bf02b3e32) Importer(2089858483,0ecaa5967403d082aa24f35e1b516d23) Generated GUIDs only implemented for interfaces!
 -> (artifact id: 'a8fa2bf04e9c98639972caaa20b16401') in 0.009071 seconds 
========================================================================
Received Import Request.
  Time since last request: 0.000022 seconds.
  path: Assets/2D Pixel Spaceships (2 Small Ships + Explosions)/Animation/BaseShip.controller
  artifactKey: Guid(6c640c61bce96e44582ac83b4849f108) Importer(2089858483,0ecaa5967403d082aa24f35e1b516d23)
Start importing Assets/2D Pixel Spaceships (2 Small Ships + Explosions)/Animation/BaseShip.controller using Guid(6c640c61bce96e44582ac83b4849f108) Importer(2089858483,0ecaa5967403d082aa24f35e1b516d23) Generated GUIDs only implemented for interfaces!
 -> (artifact id: '20d07637b145d3a31ebf580dd91eb12d') in 0.011469 seconds 
========================================================================
Received Import Request.
  Time since last request: 0.000025 seconds.
  path: Assets/spaceship_sprites/spaceship_scene.unity
  artifactKey: Guid(a4677fe02a9d4504a872e6199ea9d486) Importer(2089858483,0ecaa5967403d082aa24f35e1b516d23)
Start importing Assets/spaceship_sprites/spaceship_scene.unity using Guid(a4677fe02a9d4504a872e6199ea9d486) Importer(2089858483,0ecaa5967403d082aa24f35e1b516d23) Generated GUIDs only implemented for interfaces!
 -> (artifact id: '4810ffac5cfbf8b123beaa4277eeb2a7') in 0.009073 seconds 
========================================================================
Received Import Request.
  Time since last request: 0.000018 seconds.
  path: Assets/spaceship_sprites/animations/shield.controller
  artifactKey: Guid(e33bb7f82b235294282149a14bc4fc12) Importer(2089858483,0ecaa5967403d082aa24f35e1b516d23)
Start importing Assets/spaceship_sprites/animations/shield.controller using Guid(e33bb7f82b235294282149a14bc4fc12) Importer(2089858483,0ecaa5967403d082aa24f35e1b516d23) Generated GUIDs only implemented for interfaces!
 -> (artifact id: 'f42be00bbe030b6820d0a8d00b4aac72') in 0.010100 seconds 
========================================================================
Received Import Request.
  Time since last request: 0.000038 seconds.
  path: Assets/2D Pixel Spaceships (2 Small Ships + Explosions)/Animation/AnimClips
  artifactKey: Guid(152dd5161434ec44ba22c7a0cddd0418) Importer(2089858483,0ecaa5967403d082aa24f35e1b516d23)
Start importing Assets/2D Pixel Spaceships (2 Small Ships + Explosions)/Animation/AnimClips using Guid(152dd5161434ec44ba22c7a0cddd0418) Importer(2089858483,0ecaa5967403d082aa24f35e1b516d23) Generated GUIDs only implemented for interfaces!
 -> (artifact id: '32e5c7184b3c63cb53f649db0d23422b') in 0.010722 seconds 
========================================================================
Received Import Request.
  Time since last request: 0.000050 seconds.
  path: Assets/spaceship_sprites/animations/spaceship7.anim
  artifactKey: Guid(a78d7a91151e95040a59ca99d0c315a9) Importer(2089858483,0ecaa5967403d082aa24f35e1b516d23)
Start importing Assets/spaceship_sprites/animations/spaceship7.anim using Guid(a78d7a91151e95040a59ca99d0c315a9) Importer(2089858483,0ecaa5967403d082aa24f35e1b516d23) Generated GUIDs only implemented for interfaces!
 -> (artifact id: '9beb13ea30bdd8520aec38bb57dc8d5e') in 0.012734 seconds 
========================================================================
Received Prepare
Refreshing native plugins compatible for Editor in 4.96 ms, found 3 plugins.
Preloading 0 native plugins for Editor in 0.00 ms.
Unloading 18 Unused Serialized files (Serialized files now loaded: 0)
Unloading 18 unused Assets / (113.6 KB). Loaded Objects now: 3912.
Memory consumption went from 53.3 MB to 53.2 MB.
Total: 3.986400 ms (FindLiveObjects: 0.255900 ms CreateObjectMapping: 0.107500 ms MarkObjects: 3.494800 ms  DeleteObjects: 0.127300 ms)

AssetImportParameters requested are different than current active one (requested -> active):
  custom:video-decoder-ogg-theora: a1e56fd34408186e4bbccfd4996cb3dc -> 
  custom:container-muxer-webm: aa71ff27fc2769a1b78a27578f13a17b -> 
  custom:container-demuxer-webm: 4f35f7cbe854078d1ac9338744f61a02 -> 
  custom:video-encoder-webm-vp8: eb34c28f22e8b96e1ab97ce403110664 -> 
  custom:video-codec-MediaFoundation-h265: 746d11721c4dcdbdad8f713fa42b33f4 -> 
  custom:audio-encoder-webm-vorbis: bf7c407c2cedff20999df2af8eb42d56 -> 
  custom:framework-win-MediaFoundation: 216162199b28c13a410421893ffa2e32 -> 
  custom:SearchIndexIgnoredProperties: e643bd26f0fe6173181afceb89e7c659 -> 
  custom:container-demuxer-ogg: 62fdf1f143b41e24485cea50d1cbac27 -> 
  custom:video-decoder-webm-vp8: 9c59270c3fd7afecdb556c50c9e8de78 -> 
  custom:audio-decoder-ogg-vorbis: bf7c407c2cedff20999df2af8eb42d56 -> 
========================================================================
Received Import Request.
  Time since last request: 325.436003 seconds.
  path: Assets/Treys/Spaceships/Meshes/4.5.fbx
  artifactKey: Guid(b22ae9a5449d2f242b65e066911a640a) Importer(2089858483,0ecaa5967403d082aa24f35e1b516d23)
Start importing Assets/Treys/Spaceships/Meshes/4.5.fbx using Guid(b22ae9a5449d2f242b65e066911a640a) Importer(2089858483,0ecaa5967403d082aa24f35e1b516d23) Generated GUIDs only implemented for interfaces!
 -> (artifact id: '752b08d676cfac8cceffc6d7acb5d1bd') in 0.075517 seconds 
========================================================================
Received Import Request.
  Time since last request: 0.000044 seconds.
  path: Assets/Treys/Spaceships/Meshes/3.2.fbx
  artifactKey: Guid(cb525f6b08595e34d80affe26836c178) Importer(2089858483,0ecaa5967403d082aa24f35e1b516d23)
Start importing Assets/Treys/Spaceships/Meshes/3.2.fbx using Guid(cb525f6b08595e34d80affe26836c178) Importer(2089858483,0ecaa5967403d082aa24f35e1b516d23) Generated GUIDs only implemented for interfaces!
 -> (artifact id: '5a629d776494c07bc925999901ce2c26') in 0.024646 seconds 
========================================================================
Received Import Request.
  Time since last request: 0.000039 seconds.
  path: Assets/Treys/Spaceships/Prefabs/2.2.prefab
  artifactKey: Guid(458f67c199376214eb84916966ce6933) Importer(2089858483,0ecaa5967403d082aa24f35e1b516d23)
Start importing Assets/Treys/Spaceships/Prefabs/2.2.prefab using Guid(458f67c199376214eb84916966ce6933) Importer(2089858483,0ecaa5967403d082aa24f35e1b516d23) Generated GUIDs only implemented for interfaces!
 -> (artifact id: '5dc1f845418d5cb8901ff4c53e68b75a') in 0.015798 seconds 
========================================================================
Received Import Request.
  Time since last request: 0.000027 seconds.
  path: Assets/Treys/Spaceships/Demo.unity
  artifactKey: Guid(f8fdbe8203760e24fa6b80c588a271c6) Importer(2089858483,0ecaa5967403d082aa24f35e1b516d23)
Start importing Assets/Treys/Spaceships/Demo.unity using Guid(f8fdbe8203760e24fa6b80c588a271c6) Importer(2089858483,0ecaa5967403d082aa24f35e1b516d23) Generated GUIDs only implemented for interfaces!
 -> (artifact id: 'bfd8ab64d6a2bdf154181589ec2dc6b1') in 0.009462 seconds 
========================================================================
Received Import Request.
  Time since last request: 0.000025 seconds.
  path: Assets/Treys/Spaceships
  artifactKey: Guid(006fd2aa0bae70847b9bd93f7be4b202) Importer(2089858483,0ecaa5967403d082aa24f35e1b516d23)
Start importing Assets/Treys/Spaceships using Guid(006fd2aa0bae70847b9bd93f7be4b202) Importer(2089858483,0ecaa5967403d082aa24f35e1b516d23) Generated GUIDs only implemented for interfaces!
 -> (artifact id: '1f291716e22c5bcad3ca44fe734b2419') in 0.009990 seconds 
========================================================================
Received Import Request.
  Time since last request: 0.000028 seconds.
  path: Assets/Treys/Spaceships/Prefabs/12.2.prefab
  artifactKey: Guid(e215d4550353d0948be4d3f890efed0e) Importer(2089858483,0ecaa5967403d082aa24f35e1b516d23)
Start importing Assets/Treys/Spaceships/Prefabs/12.2.prefab using Guid(e215d4550353d0948be4d3f890efed0e) Importer(2089858483,0ecaa5967403d082aa24f35e1b516d23) Generated GUIDs only implemented for interfaces!
 -> (artifact id: 'df1647461f0e1bd0d86e39759d73c79e') in 0.014435 seconds 
========================================================================
Received Import Request.
  Time since last request: 0.000027 seconds.
  path: Assets/Treys/Spaceships/Prefabs/9.3.prefab
  artifactKey: Guid(2ac4a85a4ad83ea48b81ca9c68132cb7) Importer(2089858483,0ecaa5967403d082aa24f35e1b516d23)
Start importing Assets/Treys/Spaceships/Prefabs/9.3.prefab using Guid(2ac4a85a4ad83ea48b81ca9c68132cb7) Importer(2089858483,0ecaa5967403d082aa24f35e1b516d23) Generated GUIDs only implemented for interfaces!
 -> (artifact id: '45a50ed4b15b6f3acab75d577a6fda64') in 0.013236 seconds 
========================================================================
Received Import Request.
  Time since last request: 0.000025 seconds.
  path: Assets/Treys/Spaceships/Prefabs/3.3.prefab
  artifactKey: Guid(8116cd1d77578a54eb458577fb1fe746) Importer(2089858483,0ecaa5967403d082aa24f35e1b516d23)
Start importing Assets/Treys/Spaceships/Prefabs/3.3.prefab using Guid(8116cd1d77578a54eb458577fb1fe746) Importer(2089858483,0ecaa5967403d082aa24f35e1b516d23) Generated GUIDs only implemented for interfaces!
 -> (artifact id: 'e5eac62fe63576b1793cc5f3404a80e6') in 0.015180 seconds 
========================================================================
Received Import Request.
  Time since last request: 0.000034 seconds.
  path: Assets/Treys/Spaceships/Meshes/12.3.fbx
  artifactKey: Guid(5fe8d30668de6054898d3b4eeccd87a5) Importer(2089858483,0ecaa5967403d082aa24f35e1b516d23)
Start importing Assets/Treys/Spaceships/Meshes/12.3.fbx using Guid(5fe8d30668de6054898d3b4eeccd87a5) Importer(2089858483,0ecaa5967403d082aa24f35e1b516d23) Generated GUIDs only implemented for interfaces!
 -> (artifact id: '4db5460c9b14e777e9f2f9996034d2a2') in 0.025423 seconds 
========================================================================
Received Import Request.
  Time since last request: 0.000031 seconds.
  path: Assets/Treys/Spaceships/Prefabs/13.3.prefab
  artifactKey: Guid(b4b3ea93ca002c64cb198d673ab3ef47) Importer(2089858483,0ecaa5967403d082aa24f35e1b516d23)
Start importing Assets/Treys/Spaceships/Prefabs/13.3.prefab using Guid(b4b3ea93ca002c64cb198d673ab3ef47) Importer(2089858483,0ecaa5967403d082aa24f35e1b516d23) Generated GUIDs only implemented for interfaces!
 -> (artifact id: '3a26195115a5f6a931aa2a168612ef59') in 0.015017 seconds 
========================================================================
Received Import Request.
  Time since last request: 0.000024 seconds.
  path: Assets/Treys/Spaceships/Meshes/13.5.fbx
  artifactKey: Guid(075e0be5fc6a67c478454773b1c01395) Importer(2089858483,0ecaa5967403d082aa24f35e1b516d23)
Start importing Assets/Treys/Spaceships/Meshes/13.5.fbx using Guid(075e0be5fc6a67c478454773b1c01395) Importer(2089858483,0ecaa5967403d082aa24f35e1b516d23) Generated GUIDs only implemented for interfaces!
 -> (artifact id: '3d46f12c8a79c5fe87ab6114705b264f') in 0.024158 seconds 
========================================================================
Received Import Request.
  Time since last request: 0.000035 seconds.
  path: Assets/Treys/Spaceships/Prefabs/1.3.prefab
  artifactKey: Guid(3d9ce70bd167b71469f5ab332d2c2f26) Importer(2089858483,0ecaa5967403d082aa24f35e1b516d23)
Start importing Assets/Treys/Spaceships/Prefabs/1.3.prefab using Guid(3d9ce70bd167b71469f5ab332d2c2f26) Importer(2089858483,0ecaa5967403d082aa24f35e1b516d23) Generated GUIDs only implemented for interfaces!
 -> (artifact id: '36485023b24d5058fcf9b5e4f111c2cf') in 0.014044 seconds 
========================================================================
Received Import Request.
  Time since last request: 0.000033 seconds.
  path: Assets/Treys/Spaceships/Prefabs/12.1.prefab
  artifactKey: Guid(3c74431e6d08b7243827e4b9d320fa7e) Importer(2089858483,0ecaa5967403d082aa24f35e1b516d23)
Start importing Assets/Treys/Spaceships/Prefabs/12.1.prefab using Guid(3c74431e6d08b7243827e4b9d320fa7e) Importer(2089858483,0ecaa5967403d082aa24f35e1b516d23) Generated GUIDs only implemented for interfaces!
 -> (artifact id: '69ad17b16ee6eeb6408f64af42e48cc2') in 0.014835 seconds 
========================================================================
Received Import Request.
  Time since last request: 0.000043 seconds.
  path: Assets/Treys/Spaceships/Meshes/3.5.fbx
  artifactKey: Guid(5d2645e6a99eba84db2a887c75893f0d) Importer(2089858483,0ecaa5967403d082aa24f35e1b516d23)
Start importing Assets/Treys/Spaceships/Meshes/3.5.fbx using Guid(5d2645e6a99eba84db2a887c75893f0d) Importer(2089858483,0ecaa5967403d082aa24f35e1b516d23) Generated GUIDs only implemented for interfaces!
 -> (artifact id: '993862a71b011e83c3b1bb401aff9303') in 0.025036 seconds 
========================================================================
Received Import Request.
  Time since last request: 0.000040 seconds.
  path: Assets/Treys/Spaceships/Meshes/5.5.fbx
  artifactKey: Guid(62eeeb40ca6bfe8459165a30566ccc04) Importer(2089858483,0ecaa5967403d082aa24f35e1b516d23)
Start importing Assets/Treys/Spaceships/Meshes/5.5.fbx using Guid(62eeeb40ca6bfe8459165a30566ccc04) Importer(2089858483,0ecaa5967403d082aa24f35e1b516d23) Generated GUIDs only implemented for interfaces!
 -> (artifact id: '874e9f4877dc9387e6e98d940bc7453b') in 0.026492 seconds 
========================================================================
Received Import Request.
  Time since last request: 0.000033 seconds.
  path: Assets/Treys/Spaceships/Prefabs/3.1.prefab
  artifactKey: Guid(759dff70eb5bd9248bb05b82a5e93cc6) Importer(2089858483,0ecaa5967403d082aa24f35e1b516d23)
Start importing Assets/Treys/Spaceships/Prefabs/3.1.prefab using Guid(759dff70eb5bd9248bb05b82a5e93cc6) Importer(2089858483,0ecaa5967403d082aa24f35e1b516d23) Generated GUIDs only implemented for interfaces!
 -> (artifact id: 'c139cf2f005110c2c72ddffb413d2137') in 0.013836 seconds 
========================================================================
Received Import Request.
  Time since last request: 0.000029 seconds.
  path: Assets/Treys/Spaceships/Meshes/1.5.fbx
  artifactKey: Guid(36f03cd9c9a8a38478e95876c7c4bf6e) Importer(2089858483,0ecaa5967403d082aa24f35e1b516d23)
Start importing Assets/Treys/Spaceships/Meshes/1.5.fbx using Guid(36f03cd9c9a8a38478e95876c7c4bf6e) Importer(2089858483,0ecaa5967403d082aa24f35e1b516d23) Generated GUIDs only implemented for interfaces!
 -> (artifact id: '283eb36d29406d8d74f3fed55dc1a8f8') in 0.025791 seconds 
========================================================================
Received Import Request.
  Time since last request: 0.000021 seconds.
  path: Assets/Treys/Spaceships/Prefabs/3.5.prefab
  artifactKey: Guid(6cc686c6703558c408423db7f69fcd30) Importer(2089858483,0ecaa5967403d082aa24f35e1b516d23)
Start importing Assets/Treys/Spaceships/Prefabs/3.5.prefab using Guid(6cc686c6703558c408423db7f69fcd30) Importer(2089858483,0ecaa5967403d082aa24f35e1b516d23) Generated GUIDs only implemented for interfaces!
 -> (artifact id: 'ce3b7af46c78b4f6839b1530e5244e1a') in 0.014981 seconds 
========================================================================
Received Import Request.
  Time since last request: 0.000032 seconds.
  path: Assets/Treys/Spaceships/Meshes/3.4.fbx
  artifactKey: Guid(8c968ac718a44a14ebba3b5a1cc9de70) Importer(2089858483,0ecaa5967403d082aa24f35e1b516d23)
Start importing Assets/Treys/Spaceships/Meshes/3.4.fbx using Guid(8c968ac718a44a14ebba3b5a1cc9de70) Importer(2089858483,0ecaa5967403d082aa24f35e1b516d23) Generated GUIDs only implemented for interfaces!
 -> (artifact id: 'fbf9356754b79750ff1d66bcc7a1ec6c') in 0.023916 seconds 
========================================================================
Received Import Request.
  Time since last request: 0.000025 seconds.
  path: Assets/Treys/Spaceships/Meshes/7.5.fbx
  artifactKey: Guid(2a321525e6ec6e54e960d3abd18af0aa) Importer(2089858483,0ecaa5967403d082aa24f35e1b516d23)
Start importing Assets/Treys/Spaceships/Meshes/7.5.fbx using Guid(2a321525e6ec6e54e960d3abd18af0aa) Importer(2089858483,0ecaa5967403d082aa24f35e1b516d23) Generated GUIDs only implemented for interfaces!
 -> (artifact id: 'c4df9578540a7821859dfe4236b32d6b') in 0.028673 seconds 
========================================================================
Received Import Request.
  Time since last request: 0.000061 seconds.
  path: Assets/Treys/Spaceships/Prefabs/4.4.prefab
  artifactKey: Guid(5644f08abc95ca248b1153d16c8d1928) Importer(2089858483,0ecaa5967403d082aa24f35e1b516d23)
Start importing Assets/Treys/Spaceships/Prefabs/4.4.prefab using Guid(5644f08abc95ca248b1153d16c8d1928) Importer(2089858483,0ecaa5967403d082aa24f35e1b516d23) Generated GUIDs only implemented for interfaces!
 -> (artifact id: 'c3d80a8d9c97f3462f0ed96a8d1c94bf') in 0.015474 seconds 
========================================================================
Received Import Request.
  Time since last request: 0.000043 seconds.
  path: Assets/Treys/Spaceships/Meshes/5.4.fbx
  artifactKey: Guid(7f66059a58c990d40899f00034713dc8) Importer(2089858483,0ecaa5967403d082aa24f35e1b516d23)
Start importing Assets/Treys/Spaceships/Meshes/5.4.fbx using Guid(7f66059a58c990d40899f00034713dc8) Importer(2089858483,0ecaa5967403d082aa24f35e1b516d23) Generated GUIDs only implemented for interfaces!
 -> (artifact id: '7480c1704d4059d9a162ba7e39603305') in 0.028995 seconds 
========================================================================
Received Import Request.
  Time since last request: 0.000032 seconds.
  path: Assets/Treys/Spaceships/Prefabs/8.3.prefab
  artifactKey: Guid(dfa0ffded8acc8c47b5c47fd6f8ec232) Importer(2089858483,0ecaa5967403d082aa24f35e1b516d23)
Start importing Assets/Treys/Spaceships/Prefabs/8.3.prefab using Guid(dfa0ffded8acc8c47b5c47fd6f8ec232) Importer(2089858483,0ecaa5967403d082aa24f35e1b516d23) Generated GUIDs only implemented for interfaces!
 -> (artifact id: 'e3f84c65d10adeb1b107d983dd88677b') in 0.017574 seconds 
========================================================================
Received Import Request.
  Time since last request: 0.000026 seconds.
  path: Assets/Treys/Spaceships/Meshes/10.4.fbx
  artifactKey: Guid(c5e12de1cf6ea5549bcffefa8f7e4f27) Importer(2089858483,0ecaa5967403d082aa24f35e1b516d23)
Start importing Assets/Treys/Spaceships/Meshes/10.4.fbx using Guid(c5e12de1cf6ea5549bcffefa8f7e4f27) Importer(2089858483,0ecaa5967403d082aa24f35e1b516d23) Generated GUIDs only implemented for interfaces!
 -> (artifact id: '6d9b3ba837890403803afc6edd619bba') in 0.025168 seconds 
========================================================================
Received Import Request.
  Time since last request: 0.000034 seconds.
  path: Assets/Treys/Spaceships/Prefabs/4.3.prefab
  artifactKey: Guid(d49ae8b90f186ca4c867bf17646945e0) Importer(2089858483,0ecaa5967403d082aa24f35e1b516d23)
Start importing Assets/Treys/Spaceships/Prefabs/4.3.prefab using Guid(d49ae8b90f186ca4c867bf17646945e0) Importer(2089858483,0ecaa5967403d082aa24f35e1b516d23) Generated GUIDs only implemented for interfaces!
 -> (artifact id: '5256d1d8485490ade2a8470e0b758f61') in 0.015472 seconds 
========================================================================
Received Import Request.
  Time since last request: 0.000041 seconds.
  path: Assets/Treys/Spaceships/Prefabs/5.5.prefab
  artifactKey: Guid(5e69db28db8a2c3489766fa1ce875a0b) Importer(2089858483,0ecaa5967403d082aa24f35e1b516d23)
Start importing Assets/Treys/Spaceships/Prefabs/5.5.prefab using Guid(5e69db28db8a2c3489766fa1ce875a0b) Importer(2089858483,0ecaa5967403d082aa24f35e1b516d23) Generated GUIDs only implemented for interfaces!
 -> (artifact id: 'cd01abe2ea932bc70615e48030143fcf') in 0.015841 seconds 
========================================================================
Received Import Request.
  Time since last request: 0.000024 seconds.
  path: Assets/Treys/Spaceships/Prefabs/3.4.prefab
  artifactKey: Guid(1abf518f34308ee438853f9754b5c5dd) Importer(2089858483,0ecaa5967403d082aa24f35e1b516d23)
Start importing Assets/Treys/Spaceships/Prefabs/3.4.prefab using Guid(1abf518f34308ee438853f9754b5c5dd) Importer(2089858483,0ecaa5967403d082aa24f35e1b516d23) Generated GUIDs only implemented for interfaces!
 -> (artifact id: 'bb7be7b811c1d6ca0b91fe1aea64ddd2') in 0.016614 seconds 
========================================================================
Received Import Request.
  Time since last request: 0.000031 seconds.
  path: Assets/Treys/Spaceships/Meshes/8.5.fbx
  artifactKey: Guid(c32aae30af3e2344799c20c903bb2dac) Importer(2089858483,0ecaa5967403d082aa24f35e1b516d23)
Start importing Assets/Treys/Spaceships/Meshes/8.5.fbx using Guid(c32aae30af3e2344799c20c903bb2dac) Importer(2089858483,0ecaa5967403d082aa24f35e1b516d23) Generated GUIDs only implemented for interfaces!
 -> (artifact id: '77e22a27386179b94bedfd41de1350e4') in 0.029091 seconds 
========================================================================
Received Import Request.
  Time since last request: 0.000033 seconds.
  path: Assets/Treys/Spaceships/Meshes/2.4.fbx
  artifactKey: Guid(ea404b3152118a04dbb1f3e7ca165223) Importer(2089858483,0ecaa5967403d082aa24f35e1b516d23)
Start importing Assets/Treys/Spaceships/Meshes/2.4.fbx using Guid(ea404b3152118a04dbb1f3e7ca165223) Importer(2089858483,0ecaa5967403d082aa24f35e1b516d23) Generated GUIDs only implemented for interfaces!
 -> (artifact id: 'ff5698e951f992b7ba579448ab3778dd') in 0.027985 seconds 
========================================================================
Received Import Request.
  Time since last request: 0.000029 seconds.
  path: Assets/Treys/Spaceships/Prefabs/8.2.prefab
  artifactKey: Guid(a1ee66e7b8e141c4b9c0bc69d268a7e1) Importer(2089858483,0ecaa5967403d082aa24f35e1b516d23)
Start importing Assets/Treys/Spaceships/Prefabs/8.2.prefab using Guid(a1ee66e7b8e141c4b9c0bc69d268a7e1) Importer(2089858483,0ecaa5967403d082aa24f35e1b516d23) Generated GUIDs only implemented for interfaces!
 -> (artifact id: '12e0356281fb0dd65c001044b33bfb06') in 0.017657 seconds 
========================================================================
Received Import Request.
  Time since last request: 0.000045 seconds.
  path: Assets/Treys/Spaceships/Prefabs/6.2.prefab
  artifactKey: Guid(db11e951d5871974b8b250cb92a6838e) Importer(2089858483,0ecaa5967403d082aa24f35e1b516d23)
Start importing Assets/Treys/Spaceships/Prefabs/6.2.prefab using Guid(db11e951d5871974b8b250cb92a6838e) Importer(2089858483,0ecaa5967403d082aa24f35e1b516d23) Generated GUIDs only implemented for interfaces!
 -> (artifact id: '798f4ca0b04312fab7cfeb5aee8f47fa') in 0.016235 seconds 
========================================================================
Received Import Request.
  Time since last request: 0.000032 seconds.
  path: Assets/Treys/Spaceships/Meshes/9.5.fbx
  artifactKey: Guid(8e16f8aa62241e845abbbe43c12c21d5) Importer(2089858483,0ecaa5967403d082aa24f35e1b516d23)
Start importing Assets/Treys/Spaceships/Meshes/9.5.fbx using Guid(8e16f8aa62241e845abbbe43c12c21d5) Importer(2089858483,0ecaa5967403d082aa24f35e1b516d23) Generated GUIDs only implemented for interfaces!
 -> (artifact id: 'a232d387694e1d51c6512d2a9e89fedc') in 0.025308 seconds 
========================================================================
Received Import Request.
  Time since last request: 0.000070 seconds.
  path: Assets/Treys/Spaceships/Prefabs/7.2.prefab
  artifactKey: Guid(a028500f0a4595f4aadd152495438ef5) Importer(2089858483,0ecaa5967403d082aa24f35e1b516d23)
Start importing Assets/Treys/Spaceships/Prefabs/7.2.prefab using Guid(a028500f0a4595f4aadd152495438ef5) Importer(2089858483,0ecaa5967403d082aa24f35e1b516d23) Generated GUIDs only implemented for interfaces!
 -> (artifact id: 'db8fc80629f3f788e3d93f17b1112eb0') in 0.014627 seconds 
========================================================================
Received Import Request.
  Time since last request: 0.000041 seconds.
  path: Assets/Treys/Spaceships/Meshes/9.1.fbx
  artifactKey: Guid(6cfdd35202cd50f4c9c345e44f7de972) Importer(2089858483,0ecaa5967403d082aa24f35e1b516d23)
Start importing Assets/Treys/Spaceships/Meshes/9.1.fbx using Guid(6cfdd35202cd50f4c9c345e44f7de972) Importer(2089858483,0ecaa5967403d082aa24f35e1b516d23) Generated GUIDs only implemented for interfaces!
 -> (artifact id: 'd208659335b3a87ec3dabb346aa520d3') in 0.028264 seconds 
========================================================================
Received Import Request.
  Time since last request: 0.000038 seconds.
  path: Assets/Treys/Spaceships/Meshes/6.5.fbx
  artifactKey: Guid(ecd39d7ffb7f3474ba3e62c808c8fef0) Importer(2089858483,0ecaa5967403d082aa24f35e1b516d23)
Start importing Assets/Treys/Spaceships/Meshes/6.5.fbx using Guid(ecd39d7ffb7f3474ba3e62c808c8fef0) Importer(2089858483,0ecaa5967403d082aa24f35e1b516d23) Generated GUIDs only implemented for interfaces!
 -> (artifact id: 'ea5580853a7644569726d11a735ec6b6') in 0.024426 seconds 
========================================================================
Received Import Request.
  Time since last request: 0.000033 seconds.
  path: Assets/Treys/Spaceships/Prefabs/6.4.prefab
  artifactKey: Guid(848d068fd78caf24eacc82ca673b8d89) Importer(2089858483,0ecaa5967403d082aa24f35e1b516d23)
Start importing Assets/Treys/Spaceships/Prefabs/6.4.prefab using Guid(848d068fd78caf24eacc82ca673b8d89) Importer(2089858483,0ecaa5967403d082aa24f35e1b516d23) Generated GUIDs only implemented for interfaces!
 -> (artifact id: '317feea9fa175d73d07aee3db52f73f3') in 0.015463 seconds 
========================================================================
Received Import Request.
  Time since last request: 0.000035 seconds.
  path: Assets/Treys/Spaceships/Meshes/10.3.fbx
  artifactKey: Guid(de9a5a380720deb418ae23186395db21) Importer(2089858483,0ecaa5967403d082aa24f35e1b516d23)
Start importing Assets/Treys/Spaceships/Meshes/10.3.fbx using Guid(de9a5a380720deb418ae23186395db21) Importer(2089858483,0ecaa5967403d082aa24f35e1b516d23) Generated GUIDs only implemented for interfaces!
 -> (artifact id: '10bd668f294aeb425500c17061effbdf') in 0.025054 seconds 
========================================================================
Received Import Request.
  Time since last request: 0.000027 seconds.
  path: Assets/Treys/Spaceships/Meshes/8.1.fbx
  artifactKey: Guid(b1dfe9041f48e4b48acb894b971f926b) Importer(2089858483,0ecaa5967403d082aa24f35e1b516d23)
Start importing Assets/Treys/Spaceships/Meshes/8.1.fbx using Guid(b1dfe9041f48e4b48acb894b971f926b) Importer(2089858483,0ecaa5967403d082aa24f35e1b516d23) Generated GUIDs only implemented for interfaces!
 -> (artifact id: '91c48e77910dd03234d7a4d60ae35fd6') in 0.024084 seconds 
========================================================================
Received Import Request.
  Time since last request: 0.000038 seconds.
  path: Assets/Treys/Spaceships/Prefabs/3.2.prefab
  artifactKey: Guid(951c81cd67c4d914abf2cb48f85ac47f) Importer(2089858483,0ecaa5967403d082aa24f35e1b516d23)
Start importing Assets/Treys/Spaceships/Prefabs/3.2.prefab using Guid(951c81cd67c4d914abf2cb48f85ac47f) Importer(2089858483,0ecaa5967403d082aa24f35e1b516d23) Generated GUIDs only implemented for interfaces!
 -> (artifact id: '5b37d8fdbaec8676b41927581289e67b') in 0.016592 seconds 
========================================================================
Received Import Request.
  Time since last request: 0.000036 seconds.
  path: Assets/Treys/Spaceships/Prefabs
  artifactKey: Guid(744ef5e7e2ee9994da18f4b4f1c1ea90) Importer(2089858483,0ecaa5967403d082aa24f35e1b516d23)
Start importing Assets/Treys/Spaceships/Prefabs using Guid(744ef5e7e2ee9994da18f4b4f1c1ea90) Importer(2089858483,0ecaa5967403d082aa24f35e1b516d23) Generated GUIDs only implemented for interfaces!
 -> (artifact id: 'a863532c62b80d0801d94e129af69e3d') in 0.009793 seconds 
========================================================================
Received Import Request.
  Time since last request: 0.000033 seconds.
  path: Assets/Treys
  artifactKey: Guid(066cb64aee914ef47a93feb71eb1a6d1) Importer(2089858483,0ecaa5967403d082aa24f35e1b516d23)
Start importing Assets/Treys using Guid(066cb64aee914ef47a93feb71eb1a6d1) Importer(2089858483,0ecaa5967403d082aa24f35e1b516d23) Generated GUIDs only implemented for interfaces!
 -> (artifact id: '66d64841d5a8159cac9b5e9746905a97') in 0.010375 seconds 
========================================================================
Received Import Request.
  Time since last request: 0.000019 seconds.
  path: Assets/Treys/Spaceships/Meshes/3.3.fbx
  artifactKey: Guid(329fa5d7816ca8345b749d082d2918c2) Importer(2089858483,0ecaa5967403d082aa24f35e1b516d23)
Start importing Assets/Treys/Spaceships/Meshes/3.3.fbx using Guid(329fa5d7816ca8345b749d082d2918c2) Importer(2089858483,0ecaa5967403d082aa24f35e1b516d23) Generated GUIDs only implemented for interfaces!
 -> (artifact id: 'd18b5415a4ddcc15293509aec5e6e4e9') in 0.025483 seconds 
========================================================================
Received Import Request.
  Time since last request: 0.000037 seconds.
  path: Assets/Treys/Spaceships/Meshes/11.5.fbx
  artifactKey: Guid(08e578935e50ed04d881e1e8089e3539) Importer(2089858483,0ecaa5967403d082aa24f35e1b516d23)
Start importing Assets/Treys/Spaceships/Meshes/11.5.fbx using Guid(08e578935e50ed04d881e1e8089e3539) Importer(2089858483,0ecaa5967403d082aa24f35e1b516d23) Generated GUIDs only implemented for interfaces!
 -> (artifact id: '2012e7c83e615201e7fd15bb5650f8bb') in 0.027882 seconds 
========================================================================
Received Import Request.
  Time since last request: 0.000023 seconds.
  path: Assets/Treys/Spaceships/Materials
  artifactKey: Guid(10254987a7c586f48b17b43f54a43e7a) Importer(2089858483,0ecaa5967403d082aa24f35e1b516d23)
Start importing Assets/Treys/Spaceships/Materials using Guid(10254987a7c586f48b17b43f54a43e7a) Importer(2089858483,0ecaa5967403d082aa24f35e1b516d23) Generated GUIDs only implemented for interfaces!
 -> (artifact id: '4993e62e9602af96c3b5b910761fcf5c') in 0.012498 seconds 
========================================================================
Received Import Request.
  Time since last request: 0.000021 seconds.
  path: Assets/Treys/Spaceships/Meshes/3.1.fbx
  artifactKey: Guid(2431b45c981a54345a8661e0b50c5e4e) Importer(2089858483,0ecaa5967403d082aa24f35e1b516d23)
Start importing Assets/Treys/Spaceships/Meshes/3.1.fbx using Guid(2431b45c981a54345a8661e0b50c5e4e) Importer(2089858483,0ecaa5967403d082aa24f35e1b516d23) Generated GUIDs only implemented for interfaces!
 -> (artifact id: 'e75e8bcd50547e54603eca5faa92f2a0') in 0.023697 seconds 
========================================================================
Received Import Request.
  Time since last request: 0.000032 seconds.
  path: Assets/Treys/Spaceships/Prefabs/11.3.prefab
  artifactKey: Guid(f55920731bc14b045ba0c6d25208bb18) Importer(2089858483,0ecaa5967403d082aa24f35e1b516d23)
Start importing Assets/Treys/Spaceships/Prefabs/11.3.prefab using Guid(f55920731bc14b045ba0c6d25208bb18) Importer(2089858483,0ecaa5967403d082aa24f35e1b516d23) Generated GUIDs only implemented for interfaces!
 -> (artifact id: 'a9451c62fbcd1b899bd694ac58d57728') in 0.016972 seconds 
========================================================================
Received Import Request.
  Time since last request: 0.000032 seconds.
  path: Assets/Treys/Spaceships/Prefabs/12.3.prefab
  artifactKey: Guid(3376ecc940ab6e548a76a56a5b6c48ce) Importer(2089858483,0ecaa5967403d082aa24f35e1b516d23)
Start importing Assets/Treys/Spaceships/Prefabs/12.3.prefab using Guid(3376ecc940ab6e548a76a56a5b6c48ce) Importer(2089858483,0ecaa5967403d082aa24f35e1b516d23) Generated GUIDs only implemented for interfaces!
 -> (artifact id: 'e6575041d37d251479e1d61c4c24d255') in 0.013946 seconds 
========================================================================
Received Import Request.
  Time since last request: 0.000033 seconds.
  path: Assets/Treys/Spaceships/Prefabs/1.5.prefab
  artifactKey: Guid(713bd277a73233041b5a74db3c82aca0) Importer(2089858483,0ecaa5967403d082aa24f35e1b516d23)
Start importing Assets/Treys/Spaceships/Prefabs/1.5.prefab using Guid(713bd277a73233041b5a74db3c82aca0) Importer(2089858483,0ecaa5967403d082aa24f35e1b516d23) Generated GUIDs only implemented for interfaces!
 -> (artifact id: 'f070dd0e48fd6ff684a24b6fd9753928') in 0.014524 seconds 
========================================================================
Received Import Request.
  Time since last request: 0.000035 seconds.
  path: Assets/Treys/Spaceships/Prefabs/2.5.prefab
  artifactKey: Guid(7cc8fd4288fdcbc4db93fc5f41b3e97b) Importer(2089858483,0ecaa5967403d082aa24f35e1b516d23)
Start importing Assets/Treys/Spaceships/Prefabs/2.5.prefab using Guid(7cc8fd4288fdcbc4db93fc5f41b3e97b) Importer(2089858483,0ecaa5967403d082aa24f35e1b516d23) Generated GUIDs only implemented for interfaces!
 -> (artifact id: 'c4845c375f737e4e2f13c8929e248c00') in 0.016000 seconds 
========================================================================
Received Import Request.
  Time since last request: 0.000044 seconds.
  path: Assets/Treys/Spaceships/Prefabs/1.1.prefab
  artifactKey: Guid(c484e9ee88e6f4942ad5c8a0461c6493) Importer(2089858483,0ecaa5967403d082aa24f35e1b516d23)
Start importing Assets/Treys/Spaceships/Prefabs/1.1.prefab using Guid(c484e9ee88e6f4942ad5c8a0461c6493) Importer(2089858483,0ecaa5967403d082aa24f35e1b516d23) Generated GUIDs only implemented for interfaces!
 -> (artifact id: '18ebee6058e069bb179e5ea1013adf80') in 0.015548 seconds 
========================================================================
Received Import Request.
  Time since last request: 0.000023 seconds.
  path: Assets/Treys/Spaceships/Prefabs/9.4.prefab
  artifactKey: Guid(1cc06d81508321541980f26dc5045697) Importer(2089858483,0ecaa5967403d082aa24f35e1b516d23)
Start importing Assets/Treys/Spaceships/Prefabs/9.4.prefab using Guid(1cc06d81508321541980f26dc5045697) Importer(2089858483,0ecaa5967403d082aa24f35e1b516d23) Generated GUIDs only implemented for interfaces!
 -> (artifact id: 'a18e156062364f537efc5a61be1749ec') in 0.012363 seconds 
========================================================================
Received Import Request.
  Time since last request: 0.000018 seconds.
  path: Assets/Treys/Spaceships/Meshes/7.4.fbx
  artifactKey: Guid(81368527ba6a9fd47a9d5d5a6ecfb4bb) Importer(2089858483,0ecaa5967403d082aa24f35e1b516d23)
Start importing Assets/Treys/Spaceships/Meshes/7.4.fbx using Guid(81368527ba6a9fd47a9d5d5a6ecfb4bb) Importer(2089858483,0ecaa5967403d082aa24f35e1b516d23) Generated GUIDs only implemented for interfaces!
 -> (artifact id: '2615eea953fe5adf557a976b1e0683cc') in 0.025633 seconds 
========================================================================
Received Import Request.
  Time since last request: 0.000040 seconds.
  path: Assets/Treys/Spaceships/Prefabs/1.2.prefab
  artifactKey: Guid(edf23adcd828e9045a3f60167c62f2f3) Importer(2089858483,0ecaa5967403d082aa24f35e1b516d23)
Start importing Assets/Treys/Spaceships/Prefabs/1.2.prefab using Guid(edf23adcd828e9045a3f60167c62f2f3) Importer(2089858483,0ecaa5967403d082aa24f35e1b516d23) Generated GUIDs only implemented for interfaces!
 -> (artifact id: '0faf3abf3f25b69a1614450dbc65601e') in 0.017949 seconds 
========================================================================
Received Import Request.
  Time since last request: 0.000034 seconds.
  path: Assets/Treys/Spaceships/Meshes/4.4.fbx
  artifactKey: Guid(5322c5652e91874478d1dfe14b15036f) Importer(2089858483,0ecaa5967403d082aa24f35e1b516d23)
Start importing Assets/Treys/Spaceships/Meshes/4.4.fbx using Guid(5322c5652e91874478d1dfe14b15036f) Importer(2089858483,0ecaa5967403d082aa24f35e1b516d23) Generated GUIDs only implemented for interfaces!
 -> (artifact id: 'd0e20215d94942e2a02ccd3e27d5e1fd') in 0.027315 seconds 
========================================================================
Received Import Request.
  Time since last request: 0.000026 seconds.
  path: Assets/Treys/Spaceships/Meshes/7.1.fbx
  artifactKey: Guid(cbb78723d1587fa4c9d66f0a6bd76df9) Importer(2089858483,0ecaa5967403d082aa24f35e1b516d23)
Start importing Assets/Treys/Spaceships/Meshes/7.1.fbx using Guid(cbb78723d1587fa4c9d66f0a6bd76df9) Importer(2089858483,0ecaa5967403d082aa24f35e1b516d23) Generated GUIDs only implemented for interfaces!
 -> (artifact id: 'c7991ffa609e911877d5476399ebafb2') in 0.026903 seconds 
========================================================================
Received Import Request.
  Time since last request: 0.000050 seconds.
  path: Assets/Treys/Spaceships/Meshes/12.4.fbx
  artifactKey: Guid(885b97de43da7484185b1f50b9c82a4c) Importer(2089858483,0ecaa5967403d082aa24f35e1b516d23)
Start importing Assets/Treys/Spaceships/Meshes/12.4.fbx using Guid(885b97de43da7484185b1f50b9c82a4c) Importer(2089858483,0ecaa5967403d082aa24f35e1b516d23) Generated GUIDs only implemented for interfaces!
 -> (artifact id: 'c9c51657a0e05d0f3e9ce0143b7be209') in 0.027814 seconds 
========================================================================
Received Import Request.
  Time since last request: 0.000032 seconds.
  path: Assets/Treys/Spaceships/Prefabs/4.1.prefab
  artifactKey: Guid(8830d72630a2eea418d0456716001425) Importer(2089858483,0ecaa5967403d082aa24f35e1b516d23)
Start importing Assets/Treys/Spaceships/Prefabs/4.1.prefab using Guid(8830d72630a2eea418d0456716001425) Importer(2089858483,0ecaa5967403d082aa24f35e1b516d23) Generated GUIDs only implemented for interfaces!
 -> (artifact id: 'f223351c3bb7c40f4bd966791749fb1f') in 0.014585 seconds 
========================================================================
Received Import Request.
  Time since last request: 0.000031 seconds.
  path: Assets/Treys/Spaceships/Prefabs/7.4.prefab
  artifactKey: Guid(42bc8c314e6102e499c4848dec31a5ec) Importer(2089858483,0ecaa5967403d082aa24f35e1b516d23)
Start importing Assets/Treys/Spaceships/Prefabs/7.4.prefab using Guid(42bc8c314e6102e499c4848dec31a5ec) Importer(2089858483,0ecaa5967403d082aa24f35e1b516d23) Generated GUIDs only implemented for interfaces!
 -> (artifact id: '237655109107bf006212438c12e48ca1') in 0.012848 seconds 
========================================================================
Received Import Request.
  Time since last request: 0.000071 seconds.
  path: Assets/Treys/Spaceships/Meshes/5.1.fbx
  artifactKey: Guid(cec7e84fe0d6668498bb48c93c80c480) Importer(2089858483,0ecaa5967403d082aa24f35e1b516d23)
Start importing Assets/Treys/Spaceships/Meshes/5.1.fbx using Guid(cec7e84fe0d6668498bb48c93c80c480) Importer(2089858483,0ecaa5967403d082aa24f35e1b516d23) Generated GUIDs only implemented for interfaces!
 -> (artifact id: '982845d0b0cc0c1ccca783926ebc24a7') in 0.024937 seconds 
========================================================================
Received Import Request.
  Time since last request: 0.000044 seconds.
  path: Assets/Treys/Spaceships/Prefabs/9.1.prefab
  artifactKey: Guid(375d8a55f513af3499bbcd48ead0bdd4) Importer(2089858483,0ecaa5967403d082aa24f35e1b516d23)
Start importing Assets/Treys/Spaceships/Prefabs/9.1.prefab using Guid(375d8a55f513af3499bbcd48ead0bdd4) Importer(2089858483,0ecaa5967403d082aa24f35e1b516d23) Generated GUIDs only implemented for interfaces!
 -> (artifact id: '3ff223b27092c45089046a94597db915') in 0.016132 seconds 
========================================================================
Received Import Request.
  Time since last request: 0.000027 seconds.
  path: Assets/Treys/Spaceships/Meshes/12.1.fbx
  artifactKey: Guid(f94d456ec22f40f4395f669f99e698f5) Importer(2089858483,0ecaa5967403d082aa24f35e1b516d23)
Start importing Assets/Treys/Spaceships/Meshes/12.1.fbx using Guid(f94d456ec22f40f4395f669f99e698f5) Importer(2089858483,0ecaa5967403d082aa24f35e1b516d23) Generated GUIDs only implemented for interfaces!
 -> (artifact id: '1f9f3c408cdd834597da4004658d613f') in 0.029597 seconds 
========================================================================
Received Import Request.
  Time since last request: 0.000043 seconds.
  path: Assets/Treys/Spaceships/Prefabs/7.5.prefab
  artifactKey: Guid(beea28c2a20a7da49ad215255865d862) Importer(2089858483,0ecaa5967403d082aa24f35e1b516d23)
Start importing Assets/Treys/Spaceships/Prefabs/7.5.prefab using Guid(beea28c2a20a7da49ad215255865d862) Importer(2089858483,0ecaa5967403d082aa24f35e1b516d23) Generated GUIDs only implemented for interfaces!
 -> (artifact id: 'bc0edd3f4e215f789ad4d010d2812883') in 0.014859 seconds 
========================================================================
Received Import Request.
  Time since last request: 0.000028 seconds.
  path: Assets/Treys/Spaceships/Meshes/1.1.fbx
  artifactKey: Guid(7caaf0ba83e07254dbdff1638edd18d1) Importer(2089858483,0ecaa5967403d082aa24f35e1b516d23)
Start importing Assets/Treys/Spaceships/Meshes/1.1.fbx using Guid(7caaf0ba83e07254dbdff1638edd18d1) Importer(2089858483,0ecaa5967403d082aa24f35e1b516d23) Generated GUIDs only implemented for interfaces!
 -> (artifact id: '98a7c5b4a6c555237eb0488d4a5d26de') in 0.025601 seconds 
========================================================================
Received Import Request.
  Time since last request: 0.000037 seconds.
  path: Assets/Treys/Spaceships/Meshes/11.1.fbx
  artifactKey: Guid(a6b26951405ac6946ac714fb32bce306) Importer(2089858483,0ecaa5967403d082aa24f35e1b516d23)
Start importing Assets/Treys/Spaceships/Meshes/11.1.fbx using Guid(a6b26951405ac6946ac714fb32bce306) Importer(2089858483,0ecaa5967403d082aa24f35e1b516d23) Generated GUIDs only implemented for interfaces!
 -> (artifact id: '21dcb9bf9825ebedc45b900d24f2acdf') in 0.025042 seconds 
========================================================================
Received Import Request.
  Time since last request: 0.000026 seconds.
  path: Assets/Treys/Spaceships/Prefabs/5.4.prefab
  artifactKey: Guid(5ff23903cc097f34684ffe262418971c) Importer(2089858483,0ecaa5967403d082aa24f35e1b516d23)
Start importing Assets/Treys/Spaceships/Prefabs/5.4.prefab using Guid(5ff23903cc097f34684ffe262418971c) Importer(2089858483,0ecaa5967403d082aa24f35e1b516d23) Generated GUIDs only implemented for interfaces!
 -> (artifact id: 'cdcbeb6e4bafdaf6ebcc6605c249d456') in 0.015595 seconds 
========================================================================
Received Import Request.
  Time since last request: 0.000030 seconds.
  path: Assets/Treys/Spaceships/Prefabs/10.1.prefab
  artifactKey: Guid(291b42fb06ae864409a7a9bda68067d5) Importer(2089858483,0ecaa5967403d082aa24f35e1b516d23)
Start importing Assets/Treys/Spaceships/Prefabs/10.1.prefab using Guid(291b42fb06ae864409a7a9bda68067d5) Importer(2089858483,0ecaa5967403d082aa24f35e1b516d23) Generated GUIDs only implemented for interfaces!
 -> (artifact id: 'aa8f1f87181a725bc491f48b7c72f06d') in 0.013794 seconds 
========================================================================
Received Import Request.
  Time since last request: 0.000032 seconds.
  path: Assets/Treys/Spaceships/Textures
  artifactKey: Guid(f383c7f8b5341814bb2ac2c01a8ce6ef) Importer(2089858483,0ecaa5967403d082aa24f35e1b516d23)
Start importing Assets/Treys/Spaceships/Textures using Guid(f383c7f8b5341814bb2ac2c01a8ce6ef) Importer(2089858483,0ecaa5967403d082aa24f35e1b516d23) Generated GUIDs only implemented for interfaces!
 -> (artifact id: '6914f4c3b93e0b2e7b7fbe9076d761c3') in 0.009644 seconds 
========================================================================
Received Import Request.
  Time since last request: 0.000065 seconds.
  path: Assets/Treys/Spaceships/Textures/palette.png
  artifactKey: Guid(a5c43b1f8e132234f87b1ef20016336b) Importer(2089858483,0ecaa5967403d082aa24f35e1b516d23)
Start importing Assets/Treys/Spaceships/Textures/palette.png using Guid(a5c43b1f8e132234f87b1ef20016336b) Importer(2089858483,0ecaa5967403d082aa24f35e1b516d23) Generated GUIDs only implemented for interfaces!
 -> (artifact id: 'a1ab1b7302960a49bd4f72e306bf7de7') in 0.020082 seconds 
========================================================================
Received Import Request.
  Time since last request: 0.000024 seconds.
  path: Assets/Treys/Spaceships/Meshes/1.3.fbx
  artifactKey: Guid(27eaa223735c9e64caa98cb7b2945c26) Importer(2089858483,0ecaa5967403d082aa24f35e1b516d23)
Start importing Assets/Treys/Spaceships/Meshes/1.3.fbx using Guid(27eaa223735c9e64caa98cb7b2945c26) Importer(2089858483,0ecaa5967403d082aa24f35e1b516d23) Generated GUIDs only implemented for interfaces!
 -> (artifact id: '7fe256504a564e54f8543c80197a7264') in 0.026219 seconds 
========================================================================
Received Import Request.
  Time since last request: 0.000026 seconds.
  path: Assets/Treys/Spaceships/Meshes/7.2.fbx
  artifactKey: Guid(98650e1a77f57a342a3bf139bdf9733f) Importer(2089858483,0ecaa5967403d082aa24f35e1b516d23)
Start importing Assets/Treys/Spaceships/Meshes/7.2.fbx using Guid(98650e1a77f57a342a3bf139bdf9733f) Importer(2089858483,0ecaa5967403d082aa24f35e1b516d23) Generated GUIDs only implemented for interfaces!
 -> (artifact id: 'afb3180f15af21948085d198e52767d7') in 0.022867 seconds 
========================================================================
Received Import Request.
  Time since last request: 0.000026 seconds.
  path: Assets/Treys/Spaceships/Meshes
  artifactKey: Guid(1bc354ab83f86ed47b3640f9f1841cb9) Importer(2089858483,0ecaa5967403d082aa24f35e1b516d23)
Start importing Assets/Treys/Spaceships/Meshes using Guid(1bc354ab83f86ed47b3640f9f1841cb9) Importer(2089858483,0ecaa5967403d082aa24f35e1b516d23) Generated GUIDs only implemented for interfaces!
 -> (artifact id: 'ace7bfb64922cdb12aadce4572958264') in 0.010334 seconds 
Editor requested this worker to shutdown with reason: Scaling down because of idle timeout
AssetImportWorker is now disconnected from the server
Process exiting
Exiting without the bug reporter. Application will terminate with return code 0