Using pre-set license
Built from '2021.3/staging' branch; Version is '2021.3.18f1 (3129e69bc0c7) revision 3221990'; Using compiler version '192829333'; Build Type 'Release'
OS: 'Windows 11  (10.0.22621) 64bit Core' Language: 'en' Physical Memory: 32095 MB
BatchMode: 1, IsHumanControllingUs: 0, StartBugReporterOnCrash: 0, Is64bit: 1, IsPro: 1

COMMAND LINE ARGUMENTS:
C:\Program Files\Unity\Hub\Editor\2021.3.18f1\Editor\Unity.exe
-adb2
-batchMode
-noUpm
-name
AssetImportWorker1
-projectPath
C:/Users/jwjan/OneDrive/Desktop/Unity/CMST/CMST Pull Remote/CMST-Project-Game
-logFile
Logs/AssetImportWorker1.log
-srvPort
65366
Successfully changed project path to: C:/Users/jwjan/OneDrive/Desktop/Unity/CMST/CMST Pull Remote/CMST-Project-Game
C:/Users/jwjan/OneDrive/Desktop/Unity/CMST/CMST Pull Remote/CMST-Project-Game
[UnityMemory] Configuration Parameters - Can be set up in boot.config
    "memorysetup-bucket-allocator-granularity=16"
    "memorysetup-bucket-allocator-bucket-count=8"
    "memorysetup-bucket-allocator-block-size=33554432"
    "memorysetup-bucket-allocator-block-count=8"
    "memorysetup-main-allocator-block-size=16777216"
    "memorysetup-thread-allocator-block-size=16777216"
    "memorysetup-gfx-main-allocator-block-size=16777216"
    "memorysetup-gfx-thread-allocator-block-size=16777216"
    "memorysetup-cache-allocator-block-size=4194304"
    "memorysetup-typetree-allocator-block-size=2097152"
    "memorysetup-profiler-bucket-allocator-granularity=16"
    "memorysetup-profiler-bucket-allocator-bucket-count=8"
    "memorysetup-profiler-bucket-allocator-block-size=33554432"
    "memorysetup-profiler-bucket-allocator-block-count=8"
    "memorysetup-profiler-allocator-block-size=16777216"
    "memorysetup-profiler-editor-allocator-block-size=1048576"
    "memorysetup-temp-allocator-size-main=16777216"
    "memorysetup-job-temp-allocator-block-size=2097152"
    "memorysetup-job-temp-allocator-block-size-background=1048576"
    "memorysetup-job-temp-allocator-reduction-small-platforms=262144"
    "memorysetup-temp-allocator-size-background-worker=32768"
    "memorysetup-temp-allocator-size-job-worker=262144"
    "memorysetup-temp-allocator-size-preload-manager=33554432"
    "memorysetup-temp-allocator-size-nav-mesh-worker=65536"
    "memorysetup-temp-allocator-size-audio-worker=65536"
    "memorysetup-temp-allocator-size-cloud-worker=32768"
    "memorysetup-temp-allocator-size-gi-baking-worker=262144"
    "memorysetup-temp-allocator-size-gfx=262144"
Player connection [8836] Host "[IP] 172.16.0.226 [Port] 0 [Flags] 2 [Guid] 1082370520 [EditorId] 1082370520 [Version] 1048832 [Id] WindowsEditor(7,jwjang) [Debug] 1 [PackageName] WindowsEditor [ProjectName] Editor" joined multi-casting on [225.0.0.222:54997]...

Player connection [8836] Host "[IP] 172.16.0.226 [Port] 0 [Flags] 2 [Guid] 1082370520 [EditorId] 1082370520 [Version] 1048832 [Id] WindowsEditor(7,jwjang) [Debug] 1 [PackageName] WindowsEditor [ProjectName] Editor" joined alternative multi-casting on [225.0.0.222:34997]...

Refreshing native plugins compatible for Editor in 89.94 ms, found 3 plugins.
Preloading 0 native plugins for Editor in 0.00 ms.
Initialize engine version: 2021.3.18f1 (3129e69bc0c7)
[Subsystems] Discovering subsystems at path C:/Program Files/Unity/Hub/Editor/2021.3.18f1/Editor/Data/Resources/UnitySubsystems
[Subsystems] Discovering subsystems at path C:/Users/jwjan/OneDrive/Desktop/Unity/CMST/CMST Pull Remote/CMST-Project-Game/Assets
GfxDevice: creating device client; threaded=0; jobified=0
Direct3D:
    Version:  Direct3D 11.0 [level 11.1]
    Renderer: NVIDIA GeForce RTX 3050 Ti Laptop GPU (ID=0x25a0)
    Vendor:   NVIDIA
    VRAM:     3990 MB
    Driver:   30.0.15.1278
Initialize mono
Mono path[0] = 'C:/Program Files/Unity/Hub/Editor/2021.3.18f1/Editor/Data/Managed'
Mono path[1] = 'C:/Program Files/Unity/Hub/Editor/2021.3.18f1/Editor/Data/MonoBleedingEdge/lib/mono/unityjit-win32'
Mono config path = 'C:/Program Files/Unity/Hub/Editor/2021.3.18f1/Editor/Data/MonoBleedingEdge/etc'
Using monoOptions --debugger-agent=transport=dt_socket,embedding=1,server=y,suspend=n,address=127.0.0.1:56584
Begin MonoManager ReloadAssembly
Registering precompiled unity dll's ...
Register platform support module: C:/Program Files/Unity/Hub/Editor/2021.3.18f1/Editor/Data/PlaybackEngines/WebGLSupport/UnityEditor.WebGL.Extensions.dll
Register platform support module: C:/Program Files/Unity/Hub/Editor/2021.3.18f1/Editor/Data/PlaybackEngines/WindowsStandaloneSupport/UnityEditor.WindowsStandalone.Extensions.dll
Registered in 0.005089 seconds.
Native extension for WindowsStandalone target not found
Native extension for WebGL target not found
Refreshing native plugins compatible for Editor in 92.09 ms, found 3 plugins.
Preloading 0 native plugins for Editor in 0.00 ms.
Mono: successfully reloaded assembly
- Completed reload, in  0.697 seconds
Domain Reload Profiling:
	ReloadAssembly (698ms)
		BeginReloadAssembly (78ms)
			ExecutionOrderSort (0ms)
			DisableScriptedObjects (0ms)
			BackupInstance (0ms)
			ReleaseScriptingObjects (0ms)
			CreateAndSetChildDomain (1ms)
		EndReloadAssembly (500ms)
			LoadAssemblies (74ms)
			RebuildTransferFunctionScriptingTraits (0ms)
			SetupTypeCache (120ms)
			ReleaseScriptCaches (0ms)
			RebuildScriptCaches (26ms)
			SetupLoadedEditorAssemblies (300ms)
				LogAssemblyErrors (0ms)
				InitializePlatformSupportModulesInManaged (8ms)
				SetLoadedEditorAssemblies (0ms)
				RefreshPlugins (92ms)
				BeforeProcessingInitializeOnLoad (1ms)
				ProcessInitializeOnLoadAttributes (130ms)
				ProcessInitializeOnLoadMethodAttributes (68ms)
				AfterProcessingInitializeOnLoad (0ms)
				EditorAssembliesLoaded (0ms)
			ExecutionOrderSort2 (0ms)
			AwakeInstancesAfterBackupRestoration (0ms)
Platform modules already initialized, skipping
Registering precompiled user dll's ...
Registered in 0.008824 seconds.
Begin MonoManager ReloadAssembly
Symbol file LoadedFromMemory doesn't match image C:\Users\jwjan\OneDrive\Desktop\Unity\CMST\CMST Pull Remote\CMST-Project-Game\Library\PackageCache\com.unity.visualscripting@1.8.0\Editor\VisualScripting.Core\Dependencies\YamlDotNet\Unity.VisualScripting.YamlDotNet.dll
Symbol file LoadedFromMemory doesn't match image C:\Users\jwjan\OneDrive\Desktop\Unity\CMST\CMST Pull Remote\CMST-Project-Game\Library\PackageCache\com.unity.visualscripting@1.8.0\Editor\VisualScripting.Core\Dependencies\DotNetZip\Unity.VisualScripting.IonicZip.dll
Native extension for WindowsStandalone target not found
Native extension for WebGL target not found
Refreshing native plugins compatible for Editor in 1.11 ms, found 3 plugins.
Preloading 0 native plugins for Editor in 0.00 ms.
Mono: successfully reloaded assembly
- Completed reload, in  1.326 seconds
Domain Reload Profiling:
	ReloadAssembly (1327ms)
		BeginReloadAssembly (147ms)
			ExecutionOrderSort (0ms)
			DisableScriptedObjects (9ms)
			BackupInstance (0ms)
			ReleaseScriptingObjects (0ms)
			CreateAndSetChildDomain (31ms)
		EndReloadAssembly (1028ms)
			LoadAssemblies (102ms)
			RebuildTransferFunctionScriptingTraits (0ms)
			SetupTypeCache (384ms)
			ReleaseScriptCaches (1ms)
			RebuildScriptCaches (56ms)
			SetupLoadedEditorAssemblies (444ms)
				LogAssemblyErrors (0ms)
				InitializePlatformSupportModulesInManaged (7ms)
				SetLoadedEditorAssemblies (1ms)
				RefreshPlugins (1ms)
				BeforeProcessingInitializeOnLoad (130ms)
				ProcessInitializeOnLoadAttributes (272ms)
				ProcessInitializeOnLoadMethodAttributes (26ms)
				AfterProcessingInitializeOnLoad (8ms)
				EditorAssembliesLoaded (0ms)
			ExecutionOrderSort2 (0ms)
			AwakeInstancesAfterBackupRestoration (6ms)
Platform modules already initialized, skipping
========================================================================
Worker process is ready to serve import requests
Launched and connected shader compiler UnityShaderCompiler.exe after 0.05 seconds
Refreshing native plugins compatible for Editor in 1.10 ms, found 3 plugins.
Preloading 0 native plugins for Editor in 0.00 ms.
Unloading 3447 Unused Serialized files (Serialized files now loaded: 0)
Unloading 25 unused Assets / (173.0 KB). Loaded Objects now: 3912.
Memory consumption went from 125.0 MB to 124.8 MB.
Total: 5.170300 ms (FindLiveObjects: 0.503400 ms CreateObjectMapping: 0.294100 ms MarkObjects: 4.185400 ms  DeleteObjects: 0.185600 ms)

AssetImportParameters requested are different than current active one (requested -> active):
  custom:video-decoder-ogg-theora: a1e56fd34408186e4bbccfd4996cb3dc -> 
  custom:container-muxer-webm: aa71ff27fc2769a1b78a27578f13a17b -> 
  custom:container-demuxer-webm: 4f35f7cbe854078d1ac9338744f61a02 -> 
  custom:video-encoder-webm-vp8: eb34c28f22e8b96e1ab97ce403110664 -> 
  custom:video-codec-MediaFoundation-h265: 746d11721c4dcdbdad8f713fa42b33f4 -> 
  custom:audio-encoder-webm-vorbis: bf7c407c2cedff20999df2af8eb42d56 -> 
  custom:framework-win-MediaFoundation: 216162199b28c13a410421893ffa2e32 -> 
  custom:container-demuxer-ogg: 62fdf1f143b41e24485cea50d1cbac27 -> 
  custom:video-decoder-webm-vp8: 9c59270c3fd7afecdb556c50c9e8de78 -> 
  custom:audio-decoder-ogg-vorbis: bf7c407c2cedff20999df2af8eb42d56 -> 
========================================================================
Received Import Request.
  Time since last request: 39020.722959 seconds.
  path: Assets/spaceship_sprites/animations/spaceship_3.controller
  artifactKey: Guid(83e944e7ea7307748a4ddbdf6d939610) Importer(2089858483,0ecaa5967403d082aa24f35e1b516d23)
Start importing Assets/spaceship_sprites/animations/spaceship_3.controller using Guid(83e944e7ea7307748a4ddbdf6d939610) Importer(2089858483,0ecaa5967403d082aa24f35e1b516d23) Generated GUIDs only implemented for interfaces!
 -> (artifact id: '2a6f5656a6fb892bffdd8cc56b322393') in 0.168501 seconds 
========================================================================
Received Import Request.
  Time since last request: 0.000079 seconds.
  path: Assets/spaceship_sprites/prefabs/spaceship_6.prefab
  artifactKey: Guid(d096b2e176fd8744bb6feb2dd2b160bf) Importer(2089858483,0ecaa5967403d082aa24f35e1b516d23)
Start importing Assets/spaceship_sprites/prefabs/spaceship_6.prefab using Guid(d096b2e176fd8744bb6feb2dd2b160bf) Importer(2089858483,0ecaa5967403d082aa24f35e1b516d23) Generated GUIDs only implemented for interfaces!
 -> (artifact id: '795e99464bd753a42e7bcc1e0ba9a4aa') in 0.053385 seconds 
========================================================================
Received Import Request.
  Time since last request: 0.000035 seconds.
  path: Assets/spaceship_sprites/prefabs
  artifactKey: Guid(883db9dfea2f6444f86576a21667edcf) Importer(2089858483,0ecaa5967403d082aa24f35e1b516d23)
Start importing Assets/spaceship_sprites/prefabs using Guid(883db9dfea2f6444f86576a21667edcf) Importer(2089858483,0ecaa5967403d082aa24f35e1b516d23) Generated GUIDs only implemented for interfaces!
 -> (artifact id: '7190631ebffc30af6fe99021a41a6279') in 0.010193 seconds 
========================================================================
Received Import Request.
  Time since last request: 0.000037 seconds.
  path: Assets/spaceship_sprites/animations/spaceship1.anim
  artifactKey: Guid(201a8e0abd59e7742978eb577fe6ed4b) Importer(2089858483,0ecaa5967403d082aa24f35e1b516d23)
Start importing Assets/spaceship_sprites/animations/spaceship1.anim using Guid(201a8e0abd59e7742978eb577fe6ed4b) Importer(2089858483,0ecaa5967403d082aa24f35e1b516d23) Generated GUIDs only implemented for interfaces!
 -> (artifact id: '49d266887e916de47dac174ef3c0b018') in 0.021503 seconds 
========================================================================
Received Import Request.
  Time since last request: 0.000025 seconds.
  path: Assets/spaceship_sprites/animations/spaceship_6.controller
  artifactKey: Guid(b74f709d29939444dadd241e9456c14e) Importer(2089858483,0ecaa5967403d082aa24f35e1b516d23)
Start importing Assets/spaceship_sprites/animations/spaceship_6.controller using Guid(b74f709d29939444dadd241e9456c14e) Importer(2089858483,0ecaa5967403d082aa24f35e1b516d23) Generated GUIDs only implemented for interfaces!
 -> (artifact id: '1a3daed18026059553d9b74e0fec6100') in 0.017003 seconds 
========================================================================
Received Import Request.
  Time since last request: 0.000069 seconds.
  path: Assets/2D Pixel Spaceships (2 Small Ships + Explosions)/Animation/AnimClips/FlameSmall.anim
  artifactKey: Guid(86404c435516f9148b25a388ac097f40) Importer(2089858483,0ecaa5967403d082aa24f35e1b516d23)
Start importing Assets/2D Pixel Spaceships (2 Small Ships + Explosions)/Animation/AnimClips/FlameSmall.anim using Guid(86404c435516f9148b25a388ac097f40) Importer(2089858483,0ecaa5967403d082aa24f35e1b516d23) Generated GUIDs only implemented for interfaces!
 -> (artifact id: 'bd2f4fd10939665b583534e3c51f7ec4') in 0.015011 seconds 
========================================================================
Received Import Request.
  Time since last request: 0.000022 seconds.
  path: Assets/2D Pixel Spaceships (2 Small Ships + Explosions)/Animation/AnimClips/Ship1Expl.anim
  artifactKey: Guid(ef740a4e7f78b4e4ab3d3a3524498883) Importer(2089858483,0ecaa5967403d082aa24f35e1b516d23)
Start importing Assets/2D Pixel Spaceships (2 Small Ships + Explosions)/Animation/AnimClips/Ship1Expl.anim using Guid(ef740a4e7f78b4e4ab3d3a3524498883) Importer(2089858483,0ecaa5967403d082aa24f35e1b516d23) Generated GUIDs only implemented for interfaces!
 -> (artifact id: 'a5ae50a6c0f22846d637f12bc3341536') in 0.015871 seconds 
========================================================================
Received Import Request.
  Time since last request: 0.000029 seconds.
  path: Assets/spaceship_sprites/animations/spaceship_5.controller
  artifactKey: Guid(80fc49152fdf5ea4e846b3cfc5ed80d8) Importer(2089858483,0ecaa5967403d082aa24f35e1b516d23)
Start importing Assets/spaceship_sprites/animations/spaceship_5.controller using Guid(80fc49152fdf5ea4e846b3cfc5ed80d8) Importer(2089858483,0ecaa5967403d082aa24f35e1b516d23) Generated GUIDs only implemented for interfaces!
 -> (artifact id: '8930306e4bcb770b162dd7604a5057bf') in 0.011774 seconds 
========================================================================
Received Import Request.
  Time since last request: 0.000031 seconds.
  path: Assets/2D Pixel Spaceships (2 Small Ships + Explosions)/Prefabs/Fireball.prefab
  artifactKey: Guid(d17799e01588538449a360ded5bd038c) Importer(2089858483,0ecaa5967403d082aa24f35e1b516d23)
Start importing Assets/2D Pixel Spaceships (2 Small Ships + Explosions)/Prefabs/Fireball.prefab using Guid(d17799e01588538449a360ded5bd038c) Importer(2089858483,0ecaa5967403d082aa24f35e1b516d23) Generated GUIDs only implemented for interfaces!
 -> (artifact id: '11c63d9ce050bcf1872daa0e8fa65163') in 0.019684 seconds 
========================================================================
Received Import Request.
  Time since last request: 0.000058 seconds.
  path: Assets/spaceship_sprites/animations/spaceships_0.controller
  artifactKey: Guid(2ee4c1b0f62dfba47b8ac50b6acf5640) Importer(2089858483,0ecaa5967403d082aa24f35e1b516d23)
Start importing Assets/spaceship_sprites/animations/spaceships_0.controller using Guid(2ee4c1b0f62dfba47b8ac50b6acf5640) Importer(2089858483,0ecaa5967403d082aa24f35e1b516d23) Generated GUIDs only implemented for interfaces!
 -> (artifact id: '6af7a07055b336079d5226a529c66190') in 0.021468 seconds 
========================================================================
Received Import Request.
  Time since last request: 0.000030 seconds.
  path: Assets/spaceship_sprites/animations/spaceship8.anim
  artifactKey: Guid(d143e1a39ed6d2042aae1811727e5834) Importer(2089858483,0ecaa5967403d082aa24f35e1b516d23)
Start importing Assets/spaceship_sprites/animations/spaceship8.anim using Guid(d143e1a39ed6d2042aae1811727e5834) Importer(2089858483,0ecaa5967403d082aa24f35e1b516d23) Generated GUIDs only implemented for interfaces!
 -> (artifact id: '9de9812316bb9936ec0c6cfc3f9f04b3') in 0.015663 seconds 
========================================================================
Received Import Request.
  Time since last request: 0.000029 seconds.
  path: Assets/spaceship_sprites/animations/spaceship_4.controller
  artifactKey: Guid(4d24b1bde8e367a42bb799ddba01416e) Importer(2089858483,0ecaa5967403d082aa24f35e1b516d23)
Start importing Assets/spaceship_sprites/animations/spaceship_4.controller using Guid(4d24b1bde8e367a42bb799ddba01416e) Importer(2089858483,0ecaa5967403d082aa24f35e1b516d23) Generated GUIDs only implemented for interfaces!
 -> (artifact id: '45068c314413464450f392b0c86990c4') in 0.014396 seconds 
========================================================================
Received Import Request.
  Time since last request: 0.000041 seconds.
  path: Assets/spaceship_sprites/prefabs/spaceship_4.prefab
  artifactKey: Guid(6ebfe353680ffd64ebfc2d27dad79525) Importer(2089858483,0ecaa5967403d082aa24f35e1b516d23)
Start importing Assets/spaceship_sprites/prefabs/spaceship_4.prefab using Guid(6ebfe353680ffd64ebfc2d27dad79525) Importer(2089858483,0ecaa5967403d082aa24f35e1b516d23) Generated GUIDs only implemented for interfaces!
 -> (artifact id: '54e20cbc453a0d8742a2254c31b9052a') in 0.020811 seconds 
========================================================================
Received Import Request.
  Time since last request: 0.000044 seconds.
  path: Assets/2D Pixel Spaceships (2 Small Ships + Explosions)/Scripts/ships
  artifactKey: Guid(822971cf737549140a8a55cd74fa480b) Importer(2089858483,0ecaa5967403d082aa24f35e1b516d23)
Start importing Assets/2D Pixel Spaceships (2 Small Ships + Explosions)/Scripts/ships using Guid(822971cf737549140a8a55cd74fa480b) Importer(2089858483,0ecaa5967403d082aa24f35e1b516d23) Generated GUIDs only implemented for interfaces!
 -> (artifact id: 'de2ca6f68a82bf58db0b0cf01e04ba88') in 0.012091 seconds 
========================================================================
Received Import Request.
  Time since last request: 0.000029 seconds.
  path: Assets/2D Pixel Spaceships (2 Small Ships + Explosions)
  artifactKey: Guid(f9adec618f49cce43a9ba90274d99276) Importer(2089858483,0ecaa5967403d082aa24f35e1b516d23)
Start importing Assets/2D Pixel Spaceships (2 Small Ships + Explosions) using Guid(f9adec618f49cce43a9ba90274d99276) Importer(2089858483,0ecaa5967403d082aa24f35e1b516d23) Generated GUIDs only implemented for interfaces!
 -> (artifact id: 'e5f9e60731cc993ad9ca47116ce1de29') in 0.012367 seconds 
========================================================================
Received Import Request.
  Time since last request: 0.000027 seconds.
  path: Assets/2D Pixel Spaceships (2 Small Ships + Explosions)/Sprites/ship1.png
  artifactKey: Guid(bf8ddafe189b90247b484ca8b8e3ceca) Importer(2089858483,0ecaa5967403d082aa24f35e1b516d23)
Start importing Assets/2D Pixel Spaceships (2 Small Ships + Explosions)/Sprites/ship1.png using Guid(bf8ddafe189b90247b484ca8b8e3ceca) Importer(2089858483,0ecaa5967403d082aa24f35e1b516d23) Generated GUIDs only implemented for interfaces!
 -> (artifact id: '96de76ad4ee70e5f107ac14cd4ab778c') in 0.102801 seconds 
========================================================================
Received Import Request.
  Time since last request: 0.000027 seconds.
  path: Assets/spaceship_sprites/prefabs/spaceship_8.prefab
  artifactKey: Guid(fbc4320931e489045b535d6135e557bc) Importer(2089858483,0ecaa5967403d082aa24f35e1b516d23)
Start importing Assets/spaceship_sprites/prefabs/spaceship_8.prefab using Guid(fbc4320931e489045b535d6135e557bc) Importer(2089858483,0ecaa5967403d082aa24f35e1b516d23) Generated GUIDs only implemented for interfaces!
 -> (artifact id: 'd25e15eeee736300c15539bdbf1fdda4') in 0.019731 seconds 
========================================================================
Received Import Request.
  Time since last request: 0.000030 seconds.
  path: Assets/2D Pixel Spaceships (2 Small Ships + Explosions)/Animation/Ship2.overrideController
  artifactKey: Guid(5843ea11d1f2baa4baa19e27989fc8bd) Importer(2089858483,0ecaa5967403d082aa24f35e1b516d23)
Start importing Assets/2D Pixel Spaceships (2 Small Ships + Explosions)/Animation/Ship2.overrideController using Guid(5843ea11d1f2baa4baa19e27989fc8bd) Importer(2089858483,0ecaa5967403d082aa24f35e1b516d23) Generated GUIDs only implemented for interfaces!
 -> (artifact id: 'f1d61f411c0dc0d1e097f6dce3306d33') in 0.014983 seconds 
========================================================================
Received Import Request.
  Time since last request: 0.000035 seconds.
  path: Assets/spaceship_sprites/prefabs/spaceship_3.prefab
  artifactKey: Guid(e1e3a28de8604ba44a52ba4a3f16c95b) Importer(2089858483,0ecaa5967403d082aa24f35e1b516d23)
Start importing Assets/spaceship_sprites/prefabs/spaceship_3.prefab using Guid(e1e3a28de8604ba44a52ba4a3f16c95b) Importer(2089858483,0ecaa5967403d082aa24f35e1b516d23) Generated GUIDs only implemented for interfaces!
 -> (artifact id: 'a134f8e0d2f2d764f89b7c42041d191f') in 0.018559 seconds 
========================================================================
Received Import Request.
  Time since last request: 0.000030 seconds.
  path: Assets/2D Pixel Spaceships (2 Small Ships + Explosions)/Sprites/fireball-flames.png
  artifactKey: Guid(d7602b5e04745f74b8a23ea2ecaf9550) Importer(2089858483,0ecaa5967403d082aa24f35e1b516d23)
Start importing Assets/2D Pixel Spaceships (2 Small Ships + Explosions)/Sprites/fireball-flames.png using Guid(d7602b5e04745f74b8a23ea2ecaf9550) Importer(2089858483,0ecaa5967403d082aa24f35e1b516d23) Generated GUIDs only implemented for interfaces!
 -> (artifact id: '770c43aa5b73937885c440ca1b6c43db') in 0.031966 seconds 
========================================================================
Received Import Request.
  Time since last request: 0.000040 seconds.
  path: Assets/2D Pixel Spaceships (2 Small Ships + Explosions)/Prefabs/FlameSmall.prefab
  artifactKey: Guid(7baa347ea8e001e48bb257a28057c6e8) Importer(2089858483,0ecaa5967403d082aa24f35e1b516d23)
Start importing Assets/2D Pixel Spaceships (2 Small Ships + Explosions)/Prefabs/FlameSmall.prefab using Guid(7baa347ea8e001e48bb257a28057c6e8) Importer(2089858483,0ecaa5967403d082aa24f35e1b516d23) Generated GUIDs only implemented for interfaces!
 -> (artifact id: '2a282c0e4cc08c2bd238c396d02f5919') in 0.014216 seconds 
========================================================================
Received Import Request.
  Time since last request: 0.000022 seconds.
  path: Assets/2D Pixel Spaceships (2 Small Ships + Explosions)/Scripts
  artifactKey: Guid(c31ca9d516344e94bbcb2547d6d3678f) Importer(2089858483,0ecaa5967403d082aa24f35e1b516d23)
Start importing Assets/2D Pixel Spaceships (2 Small Ships + Explosions)/Scripts using Guid(c31ca9d516344e94bbcb2547d6d3678f) Importer(2089858483,0ecaa5967403d082aa24f35e1b516d23) Generated GUIDs only implemented for interfaces!
 -> (artifact id: 'd67090ec64ac020b3ed3a6454d91cb2d') in 0.008548 seconds 
========================================================================
Received Import Request.
  Time since last request: 0.000023 seconds.
  path: Assets/2D Pixel Spaceships (2 Small Ships + Explosions)/Scripts/BaseFrameController.cs
  artifactKey: Guid(4bc253bb29c482c468b9cb27082b4eb0) Importer(2089858483,0ecaa5967403d082aa24f35e1b516d23)
Start importing Assets/2D Pixel Spaceships (2 Small Ships + Explosions)/Scripts/BaseFrameController.cs using Guid(4bc253bb29c482c468b9cb27082b4eb0) Importer(2089858483,0ecaa5967403d082aa24f35e1b516d23) Generated GUIDs only implemented for interfaces!
 -> (artifact id: '850cdfe940b664b8e568cb35861dcd19') in 0.017516 seconds 
Editor requested this worker to shutdown with reason: Scaling down because of idle timeout
AssetImportWorker is now disconnected from the server
Process exiting
Exiting without the bug reporter. Application will terminate with return code 0